C:\Odysseus\wrapper\actisense\lib\win\x86\ActisenseJava.lib
C:\Odysseus\wrapper\actisense\lib\win\x86\ActisenseJava.exp
C:\ODYSSEUS\WRAPPER\ACTISENSE\SWIGVSPROJECT\DEBUG\ACTIWRAP.OBJ
C:\ODYSSEUS\WRAPPER\ACTISENSE\SWIGVSPROJECT\DEBUG\ACTIWRAP_WRAP.OBJ
C:\ODYSSEUS\WRAPPER\ACTISENSE\SWIGVSPROJECT\DEBUG\VC110.PDB
C:\ODYSSEUS\WRAPPER\ACTISENSE\SWIGVSPROJECT\_WRAP.CXX
C:\ODYSSEUS\WRAPPER\ACTISENSE\LIB\WIN\X86\ACTISENSEJAVA.ILK
C:\ODYSSEUS\WRAPPER\ACTISENSE\LIB\WIN\X86\ACTISENSEJAVA.DLL
C:\ODYSSEUS\WRAPPER\ACTISENSE\LIB\WIN\X86\ACTISENSEJAVA.PDB
C:\Odysseus\wrapper\actisense\SWIGVSProject\Debug\ActiWrap.obj
C:\Odysseus\wrapper\actisense\SWIGVSProject\Debug\ActiWrap_wrap.obj
C:\Odysseus\wrapper\actisense\SWIGVSProject\Debug\ActisenseJava.write.1.tlog
C:\Odysseus\wrapper\actisense\SWIGVSProject\Debug\cl.command.1.tlog
C:\Odysseus\wrapper\actisense\SWIGVSProject\Debug\CL.read.1.tlog
C:\Odysseus\wrapper\actisense\SWIGVSProject\Debug\CL.write.1.tlog
C:\Odysseus\wrapper\actisense\SWIGVSProject\Debug\custombuild.command.1.tlog
C:\Odysseus\wrapper\actisense\SWIGVSProject\Debug\custombuild.read.1.tlog
C:\Odysseus\wrapper\actisense\SWIGVSProject\Debug\custombuild.write.1.tlog
C:\Odysseus\wrapper\actisense\SWIGVSProject\Debug\link-cvtres.read.1.tlog
C:\Odysseus\wrapper\actisense\SWIGVSProject\Debug\link-cvtres.write.1.tlog
C:\Odysseus\wrapper\actisense\SWIGVSProject\Debug\link-rc.read.1.tlog
C:\Odysseus\wrapper\actisense\SWIGVSProject\Debug\link-rc.write.1.tlog
C:\Odysseus\wrapper\actisense\SWIGVSProject\Debug\link.6408-cvtres.read.1.tlog
C:\Odysseus\wrapper\actisense\SWIGVSProject\Debug\link.6408-cvtres.write.1.tlog
C:\Odysseus\wrapper\actisense\SWIGVSProject\Debug\link.6408-rc.read.1.tlog
C:\Odysseus\wrapper\actisense\SWIGVSProject\Debug\link.6408-rc.write.1.tlog
C:\Odysseus\wrapper\actisense\SWIGVSProject\Debug\link.6408.read.1.tlog
C:\Odysseus\wrapper\actisense\SWIGVSProject\Debug\link.6408.write.1.tlog
C:\Odysseus\wrapper\actisense\SWIGVSProject\Debug\link.6912-cvtres.read.1.tlog
C:\Odysseus\wrapper\actisense\SWIGVSProject\Debug\link.6912-cvtres.write.1.tlog
C:\Odysseus\wrapper\actisense\SWIGVSProject\Debug\link.6912-rc.read.1.tlog
C:\Odysseus\wrapper\actisense\SWIGVSProject\Debug\link.6912-rc.write.1.tlog
C:\Odysseus\wrapper\actisense\SWIGVSProject\Debug\link.6912.read.1.tlog
C:\Odysseus\wrapper\actisense\SWIGVSProject\Debug\link.6912.write.1.tlog
C:\Odysseus\wrapper\actisense\SWIGVSProject\Debug\link.8940-cvtres.read.1.tlog
C:\Odysseus\wrapper\actisense\SWIGVSProject\Debug\link.8940-cvtres.write.1.tlog
C:\Odysseus\wrapper\actisense\SWIGVSProject\Debug\link.8940-rc.read.1.tlog
C:\Odysseus\wrapper\actisense\SWIGVSProject\Debug\link.8940-rc.write.1.tlog
C:\Odysseus\wrapper\actisense\SWIGVSProject\Debug\link.8940.read.1.tlog
C:\Odysseus\wrapper\actisense\SWIGVSProject\Debug\link.8940.write.1.tlog
C:\Odysseus\wrapper\actisense\SWIGVSProject\Debug\link.9832-cvtres.read.1.tlog
C:\Odysseus\wrapper\actisense\SWIGVSProject\Debug\link.9832-cvtres.write.1.tlog
C:\Odysseus\wrapper\actisense\SWIGVSProject\Debug\link.9832-rc.read.1.tlog
C:\Odysseus\wrapper\actisense\SWIGVSProject\Debug\link.9832-rc.write.1.tlog
C:\Odysseus\wrapper\actisense\SWIGVSProject\Debug\link.9832.read.1.tlog
C:\Odysseus\wrapper\actisense\SWIGVSProject\Debug\link.9832.write.1.tlog
C:\Odysseus\wrapper\actisense\SWIGVSProject\Debug\link.command.1.tlog
C:\Odysseus\wrapper\actisense\SWIGVSProject\Debug\link.read.1.tlog
C:\Odysseus\wrapper\actisense\SWIGVSProject\Debug\link.write.1.tlog
C:\Odysseus\wrapper\actisense\SWIGVSProject\Debug\vc110.idb
C:\Odysseus\wrapper\actisense\SWIGVSProject\Debug\vc110.pdb
C:\Odysseus\wrapper\actisense\SWIGVSProject\..\lib\win\x86\ActisenseJava.dll
